This file contains any messages produced by compilers while
running configure, to aid debugging if configure makes a mistake.

It was created by libptp2 configure 1.1.10, which was
generated by GNU Autoconf 2.59.  Invocation command line was

  $ ./configure 

## --------- ##
## Platform. ##
## --------- ##

hostname = sneilan-desktop
uname -m = x86_64
uname -r = 2.6.32-24-generic
uname -s = Linux
uname -v = #43-Ubuntu SMP Thu Sep 16 14:58:24 UTC 2010

/usr/bin/uname -p = unknown
/bin/uname -X     = unknown

/bin/arch              = unknown
/usr/bin/arch -k       = unknown
/usr/convex/getsysinfo = unknown
hostinfo               = unknown
/bin/machine           = unknown
/usr/bin/oslevel       = unknown
/bin/universe          = unknown

PATH: /usr/local/sbin
PATH: /usr/local/bin
PATH: /usr/sbin
PATH: /usr/bin
PATH: /sbin
PATH: /bin
PATH: /usr/games
PATH: /opt/Adobe/Reader9/bin
PATH: /usr/local/cuda/bin


## ----------- ##
## Core tests. ##
## ----------- ##

configure:1554: checking for a BSD-compatible install
configure:1609: result: /usr/bin/install -c
configure:1620: checking whether build environment is sane
configure:1663: result: yes
configure:1728: checking for gawk
configure:1744: found /usr/bin/gawk
configure:1754: result: gawk
configure:1764: checking whether make sets $(MAKE)
configure:1784: result: yes
configure:2033: checking build system type
configure:2051: result: x86_64-unknown-linux-gnu
configure:2059: checking host system type
configure:2073: result: x86_64-unknown-linux-gnu
configure:2093: checking for style of include used by make
configure:2121: result: GNU
configure:2192: checking for gcc
configure:2208: found /usr/bin/gcc
configure:2218: result: gcc
configure:2462: checking for C compiler version
configure:2465: gcc --version </dev/null >&5
gcc (Ubuntu 4.4.3-4ubuntu5) 4.4.3
Copyright (C) 2009 Free Software Foundation, Inc.
This is free software; see the source for copying conditions.  There is NO
warranty; not even for MERCHANTABILITY or FITNESS FOR A PARTICULAR PURPOSE.

configure:2468: $? = 0
configure:2470: gcc -v </dev/null >&5
Using built-in specs.
Target: x86_64-linux-gnu
Configured with: ../src/configure -v --with-pkgversion='Ubuntu 4.4.3-4ubuntu5' --with-bugurl=file:///usr/share/doc/gcc-4.4/README.Bugs --enable-languages=c,c++,fortran,objc,obj-c++ --prefix=/usr --enable-shared --enable-multiarch --enable-linker-build-id --with-system-zlib --libexecdir=/usr/lib --without-included-gettext --enable-threads=posix --with-gxx-include-dir=/usr/include/c++/4.4 --program-suffix=-4.4 --enable-nls --enable-clocale=gnu --enable-libstdcxx-debug --enable-plugin --enable-objc-gc --disable-werror --with-arch-32=i486 --with-tune=generic --enable-checking=release --build=x86_64-linux-gnu --host=x86_64-linux-gnu --target=x86_64-linux-gnu
Thread model: posix
gcc version 4.4.3 (Ubuntu 4.4.3-4ubuntu5) 
configure:2473: $? = 0
configure:2475: gcc -V </dev/null >&5
gcc: '-V' option must have argument
configure:2478: $? = 1
configure:2501: checking for C compiler default output file name
configure:2504: gcc    conftest.c  >&5
configure:2507: $? = 0
configure:2553: result: a.out
configure:2558: checking whether the C compiler works
configure:2564: ./a.out
configure:2567: $? = 0
configure:2584: result: yes
configure:2591: checking whether we are cross compiling
configure:2593: result: no
configure:2596: checking for suffix of executables
configure:2598: gcc -o conftest    conftest.c  >&5
configure:2601: $? = 0
configure:2626: result: 
configure:2632: checking for suffix of object files
configure:2653: gcc -c   conftest.c >&5
configure:2656: $? = 0
configure:2678: result: o
configure:2682: checking whether we are using the GNU C compiler
configure:2706: gcc -c   conftest.c >&5
configure:2712: $? = 0
configure:2716: test -z 
			 || test ! -s conftest.err
configure:2719: $? = 0
configure:2722: test -s conftest.o
configure:2725: $? = 0
configure:2738: result: yes
configure:2744: checking whether gcc accepts -g
configure:2765: gcc -c -g  conftest.c >&5
configure:2771: $? = 0
configure:2775: test -z 
			 || test ! -s conftest.err
configure:2778: $? = 0
configure:2781: test -s conftest.o
configure:2784: $? = 0
configure:2795: result: yes
configure:2812: checking for gcc option to accept ANSI C
configure:2882: gcc  -c -g -O2  conftest.c >&5
configure:2888: $? = 0
configure:2892: test -z 
			 || test ! -s conftest.err
configure:2895: $? = 0
configure:2898: test -s conftest.o
configure:2901: $? = 0
configure:2919: result: none needed
configure:2937: gcc -c -g -O2  conftest.c >&5
conftest.c:2: error: expected '=', ',', ';', 'asm' or '__attribute__' before 'me'
configure:2943: $? = 1
configure: failed program was:
| #ifndef __cplusplus
|   choke me
| #endif
configure:3078: checking dependency style of gcc
configure:3168: result: gcc3
configure:3185: checking for a sed that does not truncate output
configure:3239: result: /bin/sed
configure:3242: checking for egrep
configure:3252: result: grep -E
configure:3268: checking for ld used by gcc
configure:3335: result: /usr/bin/ld
configure:3344: checking if the linker (/usr/bin/ld) is GNU ld
configure:3359: result: yes
configure:3364: checking for /usr/bin/ld option to reload object files
configure:3371: result: -r
configure:3389: checking for BSD-compatible nm
configure:3431: result: /usr/bin/nm -B
configure:3435: checking whether ln -s works
configure:3439: result: yes
configure:3446: checking how to recognise dependent libraries
configure:3618: result: pass_all
configure:3703: gcc -c -g -O2  conftest.c >&5
configure:3706: $? = 0
configure:3832: checking how to run the C preprocessor
configure:3867: gcc -E  conftest.c
configure:3873: $? = 0
configure:3905: gcc -E  conftest.c
conftest.c:11:28: error: ac_nonexistent.h: No such file or directory
configure:3911: $? = 1
configure: failed program was:
| /* confdefs.h.  */
| 
| #define PACKAGE_NAME "libptp2"
| #define PACKAGE_TARNAME "libptp2"
| #define PACKAGE_VERSION "1.1.10"
| #define PACKAGE_STRING "libptp2 1.1.10"
| #define PACKAGE_BUGREPORT "emsi@ipartners.pl"
| #define PACKAGE "libptp2"
| #define VERSION "1.1.10"
| /* end confdefs.h.  */
| #include <ac_nonexistent.h>
configure:3950: result: gcc -E
configure:3974: gcc -E  conftest.c
configure:3980: $? = 0
configure:4012: gcc -E  conftest.c
conftest.c:11:28: error: ac_nonexistent.h: No such file or directory
configure:4018: $? = 1
configure: failed program was:
| /* confdefs.h.  */
| 
| #define PACKAGE_NAME "libptp2"
| #define PACKAGE_TARNAME "libptp2"
| #define PACKAGE_VERSION "1.1.10"
| #define PACKAGE_STRING "libptp2 1.1.10"
| #define PACKAGE_BUGREPORT "emsi@ipartners.pl"
| #define PACKAGE "libptp2"
| #define VERSION "1.1.10"
| /* end confdefs.h.  */
| #include <ac_nonexistent.h>
configure:4062: checking for ANSI C header files
configure:4087: gcc -c -g -O2  conftest.c >&5
configure:4093: $? = 0
configure:4097: test -z 
			 || test ! -s conftest.err
configure:4100: $? = 0
configure:4103: test -s conftest.o
configure:4106: $? = 0
configure:4195: gcc -o conftest -g -O2   conftest.c  >&5
conftest.c: In function 'main':
conftest.c:28: warning: incompatible implicit declaration of built-in function 'exit'
configure:4198: $? = 0
configure:4200: ./conftest
configure:4203: $? = 0
configure:4218: result: yes
configure:4242: checking for sys/types.h
configure:4258: gcc -c -g -O2  conftest.c >&5
configure:4264: $? = 0
configure:4268: test -z 
			 || test ! -s conftest.err
configure:4271: $? = 0
configure:4274: test -s conftest.o
configure:4277: $? = 0
configure:4288: result: yes
configure:4242: checking for sys/stat.h
configure:4258: gcc -c -g -O2  conftest.c >&5
configure:4264: $? = 0
configure:4268: test -z 
			 || test ! -s conftest.err
configure:4271: $? = 0
configure:4274: test -s conftest.o
configure:4277: $? = 0
configure:4288: result: yes
configure:4242: checking for stdlib.h
configure:4258: gcc -c -g -O2  conftest.c >&5
configure:4264: $? = 0
configure:4268: test -z 
			 || test ! -s conftest.err
configure:4271: $? = 0
configure:4274: test -s conftest.o
configure:4277: $? = 0
configure:4288: result: yes
configure:4242: checking for string.h
configure:4258: gcc -c -g -O2  conftest.c >&5
configure:4264: $? = 0
configure:4268: test -z 
			 || test ! -s conftest.err
configure:4271: $? = 0
configure:4274: test -s conftest.o
configure:4277: $? = 0
configure:4288: result: yes
configure:4242: checking for memory.h
configure:4258: gcc -c -g -O2  conftest.c >&5
configure:4264: $? = 0
configure:4268: test -z 
			 || test ! -s conftest.err
configure:4271: $? = 0
configure:4274: test -s conftest.o
configure:4277: $? = 0
configure:4288: result: yes
configure:4242: checking for strings.h
configure:4258: gcc -c -g -O2  conftest.c >&5
configure:4264: $? = 0
configure:4268: test -z 
			 || test ! -s conftest.err
configure:4271: $? = 0
configure:4274: test -s conftest.o
configure:4277: $? = 0
configure:4288: result: yes
configure:4242: checking for inttypes.h
configure:4258: gcc -c -g -O2  conftest.c >&5
configure:4264: $? = 0
configure:4268: test -z 
			 || test ! -s conftest.err
configure:4271: $? = 0
configure:4274: test -s conftest.o
configure:4277: $? = 0
configure:4288: result: yes
configure:4242: checking for stdint.h
configure:4258: gcc -c -g -O2  conftest.c >&5
configure:4264: $? = 0
configure:4268: test -z 
			 || test ! -s conftest.err
configure:4271: $? = 0
configure:4274: test -s conftest.o
configure:4277: $? = 0
configure:4288: result: yes
configure:4242: checking for unistd.h
configure:4258: gcc -c -g -O2  conftest.c >&5
configure:4264: $? = 0
configure:4268: test -z 
			 || test ! -s conftest.err
configure:4271: $? = 0
configure:4274: test -s conftest.o
configure:4277: $? = 0
configure:4288: result: yes
configure:4314: checking dlfcn.h usability
configure:4326: gcc -c -g -O2  conftest.c >&5
configure:4332: $? = 0
configure:4336: test -z 
			 || test ! -s conftest.err
configure:4339: $? = 0
configure:4342: test -s conftest.o
configure:4345: $? = 0
configure:4355: result: yes
configure:4359: checking dlfcn.h presence
configure:4369: gcc -E  conftest.c
configure:4375: $? = 0
configure:4395: result: yes
configure:4430: checking for dlfcn.h
configure:4437: result: yes
configure:4502: checking for g++
configure:4518: found /usr/bin/g++
configure:4528: result: g++
configure:4544: checking for C++ compiler version
configure:4547: g++ --version </dev/null >&5
g++ (Ubuntu 4.4.3-4ubuntu5) 4.4.3
Copyright (C) 2009 Free Software Foundation, Inc.
This is free software; see the source for copying conditions.  There is NO
warranty; not even for MERCHANTABILITY or FITNESS FOR A PARTICULAR PURPOSE.

configure:4550: $? = 0
configure:4552: g++ -v </dev/null >&5
Using built-in specs.
Target: x86_64-linux-gnu
Configured with: ../src/configure -v --with-pkgversion='Ubuntu 4.4.3-4ubuntu5' --with-bugurl=file:///usr/share/doc/gcc-4.4/README.Bugs --enable-languages=c,c++,fortran,objc,obj-c++ --prefix=/usr --enable-shared --enable-multiarch --enable-linker-build-id --with-system-zlib --libexecdir=/usr/lib --without-included-gettext --enable-threads=posix --with-gxx-include-dir=/usr/include/c++/4.4 --program-suffix=-4.4 --enable-nls --enable-clocale=gnu --enable-libstdcxx-debug --enable-plugin --enable-objc-gc --disable-werror --with-arch-32=i486 --with-tune=generic --enable-checking=release --build=x86_64-linux-gnu --host=x86_64-linux-gnu --target=x86_64-linux-gnu
Thread model: posix
gcc version 4.4.3 (Ubuntu 4.4.3-4ubuntu5) 
configure:4555: $? = 0
configure:4557: g++ -V </dev/null >&5
g++: '-V' option must have argument
configure:4560: $? = 1
configure:4563: checking whether we are using the GNU C++ compiler
configure:4587: g++ -c   conftest.cc >&5
configure:4593: $? = 0
configure:4597: test -z 
			 || test ! -s conftest.err
configure:4600: $? = 0
configure:4603: test -s conftest.o
configure:4606: $? = 0
configure:4619: result: yes
configure:4625: checking whether g++ accepts -g
configure:4646: g++ -c -g  conftest.cc >&5
configure:4652: $? = 0
configure:4656: test -z 
			 || test ! -s conftest.err
configure:4659: $? = 0
configure:4662: test -s conftest.o
configure:4665: $? = 0
configure:4676: result: yes
configure:4718: g++ -c -g -O2  conftest.cc >&5
configure:4724: $? = 0
configure:4728: test -z 
			 || test ! -s conftest.err
configure:4731: $? = 0
configure:4734: test -s conftest.o
configure:4737: $? = 0
configure:4763: g++ -c -g -O2  conftest.cc >&5
conftest.cc: In function 'int main()':
conftest.cc:26: error: 'exit' was not declared in this scope
configure:4769: $? = 1
configure: failed program was:
| /* confdefs.h.  */
| 
| #define PACKAGE_NAME "libptp2"
| #define PACKAGE_TARNAME "libptp2"
| #define PACKAGE_VERSION "1.1.10"
| #define PACKAGE_STRING "libptp2 1.1.10"
| #define PACKAGE_BUGREPORT "emsi@ipartners.pl"
| #define PACKAGE "libptp2"
| #define VERSION "1.1.10"
| #define STDC_HEADERS 1
| #define HAVE_SYS_TYPES_H 1
| #define HAVE_SYS_STAT_H 1
| #define HAVE_STDLIB_H 1
| #define HAVE_STRING_H 1
| #define HAVE_MEMORY_H 1
| #define HAVE_STRINGS_H 1
| #define HAVE_INTTYPES_H 1
| #define HAVE_STDINT_H 1
| #define HAVE_UNISTD_H 1
| #define HAVE_DLFCN_H 1
| /* end confdefs.h.  */
| 
| int
| main ()
| {
| exit (42);
|   ;
|   return 0;
| }
configure:4718: g++ -c -g -O2  conftest.cc >&5
conftest.cc:22: error: 'void std::exit(int)' should have been declared inside 'std'
configure:4724: $? = 1
configure: failed program was:
| /* confdefs.h.  */
| 
| #define PACKAGE_NAME "libptp2"
| #define PACKAGE_TARNAME "libptp2"
| #define PACKAGE_VERSION "1.1.10"
| #define PACKAGE_STRING "libptp2 1.1.10"
| #define PACKAGE_BUGREPORT "emsi@ipartners.pl"
| #define PACKAGE "libptp2"
| #define VERSION "1.1.10"
| #define STDC_HEADERS 1
| #define HAVE_SYS_TYPES_H 1
| #define HAVE_SYS_STAT_H 1
| #define HAVE_STDLIB_H 1
| #define HAVE_STRING_H 1
| #define HAVE_MEMORY_H 1
| #define HAVE_STRINGS_H 1
| #define HAVE_INTTYPES_H 1
| #define HAVE_STDINT_H 1
| #define HAVE_UNISTD_H 1
| #define HAVE_DLFCN_H 1
| /* end confdefs.h.  */
| extern "C" void std::exit (int) throw (); using std::exit;
| #include <stdlib.h>
| int
| main ()
| {
| exit (42);
|   ;
|   return 0;
| }
configure:4718: g++ -c -g -O2  conftest.cc >&5
conftest.cc:22: error: 'void std::exit(int)' should have been declared inside 'std'
In file included from conftest.cc:23:
/usr/include/stdlib.h:543: error: declaration of 'void std::exit(int) throw ()' throws different exceptions
conftest.cc:22: error: from previous declaration 'void std::exit(int)'
configure:4724: $? = 1
configure: failed program was:
| /* confdefs.h.  */
| 
| #define PACKAGE_NAME "libptp2"
| #define PACKAGE_TARNAME "libptp2"
| #define PACKAGE_VERSION "1.1.10"
| #define PACKAGE_STRING "libptp2 1.1.10"
| #define PACKAGE_BUGREPORT "emsi@ipartners.pl"
| #define PACKAGE "libptp2"
| #define VERSION "1.1.10"
| #define STDC_HEADERS 1
| #define HAVE_SYS_TYPES_H 1
| #define HAVE_SYS_STAT_H 1
| #define HAVE_STDLIB_H 1
| #define HAVE_STRING_H 1
| #define HAVE_MEMORY_H 1
| #define HAVE_STRINGS_H 1
| #define HAVE_INTTYPES_H 1
| #define HAVE_STDINT_H 1
| #define HAVE_UNISTD_H 1
| #define HAVE_DLFCN_H 1
| /* end confdefs.h.  */
| extern "C" void std::exit (int); using std::exit;
| #include <stdlib.h>
| int
| main ()
| {
| exit (42);
|   ;
|   return 0;
| }
configure:4718: g++ -c -g -O2  conftest.cc >&5
configure:4724: $? = 0
configure:4728: test -z 
			 || test ! -s conftest.err
configure:4731: $? = 0
configure:4734: test -s conftest.o
configure:4737: $? = 0
configure:4763: g++ -c -g -O2  conftest.cc >&5
configure:4769: $? = 0
configure:4773: test -z 
			 || test ! -s conftest.err
configure:4776: $? = 0
configure:4779: test -s conftest.o
configure:4782: $? = 0
configure:4807: checking dependency style of g++
configure:4897: result: gcc3
configure:4924: checking how to run the C++ preprocessor
configure:4955: g++ -E  conftest.cc
configure:4961: $? = 0
configure:4993: g++ -E  conftest.cc
conftest.cc:25:28: error: ac_nonexistent.h: No such file or directory
configure:4999: $? = 1
configure: failed program was:
| /* confdefs.h.  */
| 
| #define PACKAGE_NAME "libptp2"
| #define PACKAGE_TARNAME "libptp2"
| #define PACKAGE_VERSION "1.1.10"
| #define PACKAGE_STRING "libptp2 1.1.10"
| #define PACKAGE_BUGREPORT "emsi@ipartners.pl"
| #define PACKAGE "libptp2"
| #define VERSION "1.1.10"
| #define STDC_HEADERS 1
| #define HAVE_SYS_TYPES_H 1
| #define HAVE_SYS_STAT_H 1
| #define HAVE_STDLIB_H 1
| #define HAVE_STRING_H 1
| #define HAVE_MEMORY_H 1
| #define HAVE_STRINGS_H 1
| #define HAVE_INTTYPES_H 1
| #define HAVE_STDINT_H 1
| #define HAVE_UNISTD_H 1
| #define HAVE_DLFCN_H 1
| #ifdef __cplusplus
| extern "C" void exit (int) throw ();
| #endif
| /* end confdefs.h.  */
| #include <ac_nonexistent.h>
configure:5038: result: g++ -E
configure:5062: g++ -E  conftest.cc
configure:5068: $? = 0
configure:5100: g++ -E  conftest.cc
conftest.cc:25:28: error: ac_nonexistent.h: No such file or directory
configure:5106: $? = 1
configure: failed program was:
| /* confdefs.h.  */
| 
| #define PACKAGE_NAME "libptp2"
| #define PACKAGE_TARNAME "libptp2"
| #define PACKAGE_VERSION "1.1.10"
| #define PACKAGE_STRING "libptp2 1.1.10"
| #define PACKAGE_BUGREPORT "emsi@ipartners.pl"
| #define PACKAGE "libptp2"
| #define VERSION "1.1.10"
| #define STDC_HEADERS 1
| #define HAVE_SYS_TYPES_H 1
| #define HAVE_SYS_STAT_H 1
| #define HAVE_STDLIB_H 1
| #define HAVE_STRING_H 1
| #define HAVE_MEMORY_H 1
| #define HAVE_STRINGS_H 1
| #define HAVE_INTTYPES_H 1
| #define HAVE_STDINT_H 1
| #define HAVE_UNISTD_H 1
| #define HAVE_DLFCN_H 1
| #ifdef __cplusplus
| extern "C" void exit (int) throw ();
| #endif
| /* end confdefs.h.  */
| #include <ac_nonexistent.h>
configure:5203: checking for g77
configure:5232: result: no
configure:5203: checking for f77
configure:5232: result: no
configure:5203: checking for xlf
configure:5232: result: no
configure:5203: checking for frt
configure:5232: result: no
configure:5203: checking for pgf77
configure:5232: result: no
configure:5203: checking for fort77
configure:5232: result: no
configure:5203: checking for fl32
configure:5232: result: no
configure:5203: checking for af77
configure:5232: result: no
configure:5203: checking for f90
configure:5232: result: no
configure:5203: checking for xlf90
configure:5232: result: no
configure:5203: checking for pgf90
configure:5232: result: no
configure:5203: checking for epcf90
configure:5232: result: no
configure:5203: checking for f95
configure:5232: result: no
configure:5203: checking for fort
configure:5232: result: no
configure:5203: checking for xlf95
configure:5232: result: no
configure:5203: checking for ifc
configure:5232: result: no
configure:5203: checking for efc
configure:5232: result: no
configure:5203: checking for pgf95
configure:5232: result: no
configure:5203: checking for lf95
configure:5232: result: no
configure:5203: checking for gfortran
configure:5232: result: no
configure:5244: checking for Fortran 77 compiler version
configure:5247:  --version </dev/null >&5
./configure: line 5248: --version: command not found
configure:5250: $? = 127
configure:5252:  -v </dev/null >&5
./configure: line 5253: -v: command not found
configure:5255: $? = 127
configure:5257:  -V </dev/null >&5
./configure: line 5258: -V: command not found
configure:5260: $? = 127
configure:5268: checking whether we are using the GNU Fortran 77 compiler
configure:5282:  -c  conftest.F >&5
./configure: line 5283: -c: command not found
configure:5288: $? = 127
configure: failed program was:
|       program main
| #ifndef __GNUC__
|        choke me
| #endif
| 
|       end
configure:5314: result: no
configure:5320: checking whether  accepts -g
configure:5332:  -c -g conftest.f >&5
./configure: line 5333: -c: command not found
configure:5338: $? = 127
configure: failed program was:
|       program main
| 
|       end
configure:5363: result: no
configure:5393: checking the maximum length of command line arguments
configure:5485: result: 32768
configure:5496: checking command to parse /usr/bin/nm -B output from gcc object
configure:5592: gcc -c -g -O2  conftest.c >&5
configure:5595: $? = 0
configure:5599: /usr/bin/nm -B conftest.o \| sed -n -e 's/^.*[ 	]\([ABCDGIRSTW][ABCDGIRSTW]*\)[ 	][ 	]*\([_A-Za-z][_A-Za-z0-9]*\)$/\1 \2 \2/p' \> conftest.nm
configure:5602: $? = 0
configure:5654: gcc -o conftest -g -O2   conftest.c conftstm.o >&5
configure:5657: $? = 0
configure:5695: result: ok
configure:5699: checking for objdir
configure:5714: result: .libs
configure:5804: checking for ar
configure:5820: found /usr/bin/ar
configure:5831: result: ar
configure:5884: checking for ranlib
configure:5900: found /usr/bin/ranlib
configure:5911: result: ranlib
configure:5964: checking for strip
configure:5980: found /usr/bin/strip
configure:5991: result: strip
configure:6278: checking if gcc static flag  works
configure:6306: result: yes
configure:6324: checking if gcc supports -fno-rtti -fno-exceptions
configure:6342: gcc -c -g -O2  -fno-rtti -fno-exceptions conftest.c >&5
cc1: warning: command line option "-fno-rtti" is valid for C++/ObjC++ but not for C
configure:6346: $? = 0
configure:6359: result: no
configure:6374: checking for gcc option to produce PIC
configure:6578: result: -fPIC
configure:6586: checking if gcc PIC flag -fPIC works
configure:6604: gcc -c -g -O2  -fPIC -DPIC conftest.c >&5
configure:6608: $? = 0
configure:6621: result: yes
configure:6645: checking if gcc supports -c -o file.o
configure:6666: gcc -c -g -O2  -o out/conftest2.o conftest.c >&5
configure:6670: $? = 0
configure:6692: result: yes
configure:6718: checking whether the gcc linker (/usr/bin/ld -m elf_x86_64) supports shared libraries
configure:7614: result: yes
configure:7640: checking whether -lc should be explicitly linked in
configure:7645: gcc -c -g -O2  conftest.c >&5
configure:7648: $? = 0
configure:7662: gcc -shared conftest.o  -v -Wl,-soname -Wl,conftest -o conftest 2\>\&1 \| grep  -lc  \>/dev/null 2\>\&1
configure:7665: $? = 0
configure:7677: result: no
configure:7685: checking dynamic linker characteristics
configure:8239: result: GNU/Linux ld.so
configure:8243: checking how to hardcode library paths into programs
configure:8268: result: immediate
configure:8282: checking whether stripping libraries is possible
configure:8287: result: yes
configure:9117: checking if libtool supports shared libraries
configure:9119: result: yes
configure:9122: checking whether to build shared libraries
configure:9143: result: yes
configure:9146: checking whether to build static libraries
configure:9150: result: yes
configure:9242: creating libtool
configure:9820: checking for ld used by g++
configure:9887: result: /usr/bin/ld -m elf_x86_64
configure:9896: checking if the linker (/usr/bin/ld -m elf_x86_64) is GNU ld
configure:9911: result: yes
configure:9962: checking whether the g++ linker (/usr/bin/ld -m elf_x86_64) supports shared libraries
configure:10842: result: yes
configure:10860: g++ -c -g -O2  conftest.cpp >&5
configure:10863: $? = 0
configure:10973: checking for g++ option to produce PIC
configure:11241: result: -fPIC
configure:11249: checking if g++ PIC flag -fPIC works
configure:11267: g++ -c -g -O2  -fPIC -DPIC conftest.cpp >&5
configure:11271: $? = 0
configure:11284: result: yes
configure:11308: checking if g++ supports -c -o file.o
configure:11329: g++ -c -g -O2  -o out/conftest2.o conftest.cpp >&5
configure:11333: $? = 0
configure:11355: result: yes
configure:11381: checking whether the g++ linker (/usr/bin/ld -m elf_x86_64) supports shared libraries
configure:11406: result: yes
configure:11477: checking dynamic linker characteristics
configure:12031: result: GNU/Linux ld.so
configure:12035: checking how to hardcode library paths into programs
configure:12060: result: immediate
configure:12074: checking whether stripping libraries is possible
configure:12079: result: yes
configure:19667: checking for gcc
configure:19693: result: gcc
configure:19937: checking for C compiler version
configure:19940: gcc --version </dev/null >&5
gcc (Ubuntu 4.4.3-4ubuntu5) 4.4.3
Copyright (C) 2009 Free Software Foundation, Inc.
This is free software; see the source for copying conditions.  There is NO
warranty; not even for MERCHANTABILITY or FITNESS FOR A PARTICULAR PURPOSE.

configure:19943: $? = 0
configure:19945: gcc -v </dev/null >&5
Using built-in specs.
Target: x86_64-linux-gnu
Configured with: ../src/configure -v --with-pkgversion='Ubuntu 4.4.3-4ubuntu5' --with-bugurl=file:///usr/share/doc/gcc-4.4/README.Bugs --enable-languages=c,c++,fortran,objc,obj-c++ --prefix=/usr --enable-shared --enable-multiarch --enable-linker-build-id --with-system-zlib --libexecdir=/usr/lib --without-included-gettext --enable-threads=posix --with-gxx-include-dir=/usr/include/c++/4.4 --program-suffix=-4.4 --enable-nls --enable-clocale=gnu --enable-libstdcxx-debug --enable-plugin --enable-objc-gc --disable-werror --with-arch-32=i486 --with-tune=generic --enable-checking=release --build=x86_64-linux-gnu --host=x86_64-linux-gnu --target=x86_64-linux-gnu
Thread model: posix
gcc version 4.4.3 (Ubuntu 4.4.3-4ubuntu5) 
configure:19948: $? = 0
configure:19950: gcc -V </dev/null >&5
gcc: '-V' option must have argument
configure:19953: $? = 1
configure:19956: checking whether we are using the GNU C compiler
configure:20012: result: yes
configure:20018: checking whether gcc accepts -g
configure:20069: result: yes
configure:20086: checking for gcc option to accept ANSI C
configure:20193: result: none needed
configure:20211: gcc -c -g -O2  conftest.c >&5
conftest.c:2: error: expected '=', ',', ';', 'asm' or '__attribute__' before 'me'
configure:20217: $? = 1
configure: failed program was:
| #ifndef __cplusplus
|   choke me
| #endif
configure:20352: checking dependency style of gcc
configure:20442: result: gcc3
configure:20469: checking for ANSI C header files
configure:20625: result: yes
configure:20651: checking libintl.h usability
configure:20663: gcc -c -g -O2 -Wall -Wmissing-declarations -Wmissing-prototypes  conftest.c >&5
configure:20669: $? = 0
configure:20673: test -z 
			 || test ! -s conftest.err
configure:20676: $? = 0
configure:20679: test -s conftest.o
configure:20682: $? = 0
configure:20692: result: yes
configure:20696: checking libintl.h presence
configure:20706: gcc -E  conftest.c
configure:20712: $? = 0
configure:20732: result: yes
configure:20767: checking for libintl.h
configure:20774: result: yes
configure:20642: checking for stdlib.h
configure:20647: result: yes
configure:20642: checking for string.h
configure:20647: result: yes
configure:20789: checking for an ANSI C-conforming const
configure:20856: gcc -c -g -O2 -Wall -Wmissing-declarations -Wmissing-prototypes  conftest.c >&5
conftest.c: In function 'main':
conftest.c:56: warning: unused variable 's'
conftest.c:76: warning: unused variable 'foo'
conftest.c:43: warning: unused variable 'zero'
conftest.c:37: warning: unused variable 'x'
conftest.c:58: warning: 't' is used uninitialized in this function
conftest.c:73: warning: 'b' is used uninitialized in this function
configure:20862: $? = 0
configure:20866: test -z 
			 || test ! -s conftest.err
configure:20869: $? = 0
configure:20872: test -s conftest.o
configure:20875: $? = 0
configure:20886: result: yes
configure:20896: checking for inline
configure:20917: gcc -c -g -O2 -Wall -Wmissing-declarations -Wmissing-prototypes  conftest.c >&5
conftest.c:32: warning: no previous prototype for 'foo'
configure:20923: $? = 0
configure:20927: test -z 
			 || test ! -s conftest.err
configure:20930: $? = 0
configure:20933: test -s conftest.o
configure:20936: $? = 0
configure:20948: result: inline
configure:20967: checking whether struct tm is in sys/time.h or time.h
configure:20990: gcc -c -g -O2 -Wall -Wmissing-declarations -Wmissing-prototypes  conftest.c >&5
conftest.c: In function 'main':
conftest.c:35: warning: statement with no effect
configure:20996: $? = 0
configure:21000: test -z 
			 || test ! -s conftest.err
configure:21003: $? = 0
configure:21006: test -s conftest.o
configure:21009: $? = 0
configure:21020: result: time.h
configure:21032: checking for error_at_line
configure:21053: gcc -o conftest -g -O2 -Wall -Wmissing-declarations -Wmissing-prototypes   -Wall conftest.c  >&5
conftest.c: In function 'main':
conftest.c:66: warning: implicit declaration of function 'error_at_line'
configure:21059: $? = 0
configure:21063: test -z 
			 || test ! -s conftest.err
configure:21066: $? = 0
configure:21069: test -s conftest
configure:21072: $? = 0
configure:21084: result: yes
configure:21102: checking for stdlib.h
configure:21107: result: yes
configure:21247: checking for GNU libc compatible malloc
configure:21276: gcc -o conftest -g -O2 -Wall -Wmissing-declarations -Wmissing-prototypes   -Wall conftest.c  >&5
configure:21279: $? = 0
configure:21281: ./conftest
configure:21284: $? = 0
configure:21298: result: yes
configure:21328: checking whether time.h and sys/time.h may both be included
configure:21353: gcc -c -g -O2 -Wall -Wmissing-declarations -Wmissing-prototypes  conftest.c >&5
configure:21359: $? = 0
configure:21363: test -z 
			 || test ! -s conftest.err
configure:21366: $? = 0
configure:21369: test -s conftest.o
configure:21372: $? = 0
configure:21383: result: yes
configure:21400: checking for stdlib.h
configure:21405: result: yes
configure:21409: checking sys/time.h usability
configure:21421: gcc -c -g -O2 -Wall -Wmissing-declarations -Wmissing-prototypes  conftest.c >&5
configure:21427: $? = 0
configure:21431: test -z 
			 || test ! -s conftest.err
configure:21434: $? = 0
configure:21437: test -s conftest.o
configure:21440: $? = 0
configure:21450: result: yes
configure:21454: checking sys/time.h presence
configure:21464: gcc -E  conftest.c
configure:21470: $? = 0
configure:21490: result: yes
configure:21525: checking for sys/time.h
configure:21532: result: yes
configure:21400: checking for unistd.h
configure:21405: result: yes
configure:21549: checking for alarm
configure:21606: gcc -o conftest -g -O2 -Wall -Wmissing-declarations -Wmissing-prototypes   -Wall conftest.c  >&5
configure:21612: $? = 0
configure:21616: test -z 
			 || test ! -s conftest.err
configure:21619: $? = 0
configure:21622: test -s conftest
configure:21625: $? = 0
configure:21637: result: yes
configure:21647: checking for working mktime
configure:21823: gcc -o conftest -g -O2 -Wall -Wmissing-declarations -Wmissing-prototypes   -Wall conftest.c  >&5
configure:21826: $? = 0
configure:21828: ./conftest
./configure: line 21829: 16284 Alarm clock             ./conftest$ac_exeext
configure:21831: $? = 142
configure: program exited with status 142
configure: failed program was:
| /* confdefs.h.  */
| 
| #define PACKAGE_NAME "libptp2"
| #define PACKAGE_TARNAME "libptp2"
| #define PACKAGE_VERSION "1.1.10"
| #define PACKAGE_STRING "libptp2 1.1.10"
| #define PACKAGE_BUGREPORT "emsi@ipartners.pl"
| #define PACKAGE "libptp2"
| #define VERSION "1.1.10"
| #define STDC_HEADERS 1
| #define HAVE_SYS_TYPES_H 1
| #define HAVE_SYS_STAT_H 1
| #define HAVE_STDLIB_H 1
| #define HAVE_STRING_H 1
| #define HAVE_MEMORY_H 1
| #define HAVE_STRINGS_H 1
| #define HAVE_INTTYPES_H 1
| #define HAVE_STDINT_H 1
| #define HAVE_UNISTD_H 1
| #define HAVE_DLFCN_H 1
| #ifdef __cplusplus
| extern "C" void exit (int) throw ();
| #endif
| #define STDC_HEADERS 1
| #define HAVE_LIBINTL_H 1
| #define HAVE_STDLIB_H 1
| #define HAVE_STRING_H 1
| #define HAVE_STDLIB_H 1
| #define HAVE_MALLOC 1
| #define TIME_WITH_SYS_TIME 1
| #define HAVE_STDLIB_H 1
| #define HAVE_SYS_TIME_H 1
| #define HAVE_UNISTD_H 1
| #define HAVE_ALARM 1
| /* end confdefs.h.  */
| /* Test program from Paul Eggert and Tony Leneis.  */
| #if TIME_WITH_SYS_TIME
| # include <sys/time.h>
| # include <time.h>
| #else
| # if HAVE_SYS_TIME_H
| #  include <sys/time.h>
| # else
| #  include <time.h>
| # endif
| #endif
| 
| #if HAVE_STDLIB_H
| # include <stdlib.h>
| #endif
| 
| #if HAVE_UNISTD_H
| # include <unistd.h>
| #endif
| 
| #if !HAVE_ALARM
| # define alarm(X) /* empty */
| #endif
| 
| /* Work around redefinition to rpl_putenv by other config tests.  */
| #undef putenv
| 
| static time_t time_t_max;
| static time_t time_t_min;
| 
| /* Values we'll use to set the TZ environment variable.  */
| static char *tz_strings[] = {
|   (char *) 0, "TZ=GMT0", "TZ=JST-9",
|   "TZ=EST+3EDT+2,M10.1.0/00:00:00,M2.3.0/00:00:00"
| };
| #define N_STRINGS (sizeof (tz_strings) / sizeof (tz_strings[0]))
| 
| /* Fail if mktime fails to convert a date in the spring-forward gap.
|    Based on a problem report from Andreas Jaeger.  */
| static void
| spring_forward_gap ()
| {
|   /* glibc (up to about 1998-10-07) failed this test. */
|   struct tm tm;
| 
|   /* Use the portable POSIX.1 specification "TZ=PST8PDT,M4.1.0,M10.5.0"
|      instead of "TZ=America/Vancouver" in order to detect the bug even
|      on systems that don't support the Olson extension, or don't have the
|      full zoneinfo tables installed.  */
|   putenv ("TZ=PST8PDT,M4.1.0,M10.5.0");
| 
|   tm.tm_year = 98;
|   tm.tm_mon = 3;
|   tm.tm_mday = 5;
|   tm.tm_hour = 2;
|   tm.tm_min = 0;
|   tm.tm_sec = 0;
|   tm.tm_isdst = -1;
|   if (mktime (&tm) == (time_t)-1)
|     exit (1);
| }
| 
| static void
| mktime_test1 (now)
|      time_t now;
| {
|   struct tm *lt;
|   if ((lt = localtime (&now)) && mktime (lt) != now)
|     exit (1);
| }
| 
| static void
| mktime_test (now)
|      time_t now;
| {
|   mktime_test1 (now);
|   mktime_test1 ((time_t) (time_t_max - now));
|   mktime_test1 ((time_t) (time_t_min + now));
| }
| 
| static void
| irix_6_4_bug ()
| {
|   /* Based on code from Ariel Faigon.  */
|   struct tm tm;
|   tm.tm_year = 96;
|   tm.tm_mon = 3;
|   tm.tm_mday = 0;
|   tm.tm_hour = 0;
|   tm.tm_min = 0;
|   tm.tm_sec = 0;
|   tm.tm_isdst = -1;
|   mktime (&tm);
|   if (tm.tm_mon != 2 || tm.tm_mday != 31)
|     exit (1);
| }
| 
| static void
| bigtime_test (j)
|      int j;
| {
|   struct tm tm;
|   time_t now;
|   tm.tm_year = tm.tm_mon = tm.tm_mday = tm.tm_hour = tm.tm_min = tm.tm_sec = j;
|   now = mktime (&tm);
|   if (now != (time_t) -1)
|     {
|       struct tm *lt = localtime (&now);
|       if (! (lt
| 	     && lt->tm_year == tm.tm_year
| 	     && lt->tm_mon == tm.tm_mon
| 	     && lt->tm_mday == tm.tm_mday
| 	     && lt->tm_hour == tm.tm_hour
| 	     && lt->tm_min == tm.tm_min
| 	     && lt->tm_sec == tm.tm_sec
| 	     && lt->tm_yday == tm.tm_yday
| 	     && lt->tm_wday == tm.tm_wday
| 	     && ((lt->tm_isdst < 0 ? -1 : 0 < lt->tm_isdst)
| 		  == (tm.tm_isdst < 0 ? -1 : 0 < tm.tm_isdst))))
| 	exit (1);
|     }
| }
| 
| int
| main ()
| {
|   time_t t, delta;
|   int i, j;
| 
|   /* This test makes some buggy mktime implementations loop.
|      Give up after 60 seconds; a mktime slower than that
|      isn't worth using anyway.  */
|   alarm (60);
| 
|   for (time_t_max = 1; 0 < time_t_max; time_t_max *= 2)
|     continue;
|   time_t_max--;
|   if ((time_t) -1 < 0)
|     for (time_t_min = -1; (time_t) (time_t_min * 2) < 0; time_t_min *= 2)
|       continue;
|   delta = time_t_max / 997; /* a suitable prime number */
|   for (i = 0; i < N_STRINGS; i++)
|     {
|       if (tz_strings[i])
| 	putenv (tz_strings[i]);
| 
|       for (t = 0; t <= time_t_max - delta; t += delta)
| 	mktime_test (t);
|       mktime_test ((time_t) 1);
|       mktime_test ((time_t) (60 * 60));
|       mktime_test ((time_t) (60 * 60 * 24));
| 
|       for (j = 1; 0 < j; j *= 2)
| 	bigtime_test (j);
|       bigtime_test (j - 1);
|     }
|   irix_6_4_bug ();
|   spring_forward_gap ();
|   exit (0);
| }
configure:21845: result: no
configure:21862: checking for vprintf
configure:21919: gcc -o conftest -g -O2 -Wall -Wmissing-declarations -Wmissing-prototypes   -Wall conftest.c  >&5
conftest.c:60: warning: conflicting types for built-in function 'vprintf'
configure:21925: $? = 0
configure:21929: test -z 
			 || test ! -s conftest.err
configure:21932: $? = 0
configure:21935: test -s conftest
configure:21938: $? = 0
configure:21950: result: yes
configure:21957: checking for _doprnt
configure:22014: gcc -o conftest -g -O2 -Wall -Wmissing-declarations -Wmissing-prototypes   -Wall conftest.c  >&5
/tmp/ccKbrwZh.o: In function `main':
/home/sneilan/Machinez/scanner/libptp2-1.1.10/conftest.c:76: undefined reference to `_doprnt'
/tmp/ccKbrwZh.o:(.data+0x0): undefined reference to `_doprnt'
collect2: ld returned 1 exit status
configure:22020: $? = 1
configure: failed program was:
| /* confdefs.h.  */
| 
| #define PACKAGE_NAME "libptp2"
| #define PACKAGE_TARNAME "libptp2"
| #define PACKAGE_VERSION "1.1.10"
| #define PACKAGE_STRING "libptp2 1.1.10"
| #define PACKAGE_BUGREPORT "emsi@ipartners.pl"
| #define PACKAGE "libptp2"
| #define VERSION "1.1.10"
| #define STDC_HEADERS 1
| #define HAVE_SYS_TYPES_H 1
| #define HAVE_SYS_STAT_H 1
| #define HAVE_STDLIB_H 1
| #define HAVE_STRING_H 1
| #define HAVE_MEMORY_H 1
| #define HAVE_STRINGS_H 1
| #define HAVE_INTTYPES_H 1
| #define HAVE_STDINT_H 1
| #define HAVE_UNISTD_H 1
| #define HAVE_DLFCN_H 1
| #ifdef __cplusplus
| extern "C" void exit (int) throw ();
| #endif
| #define STDC_HEADERS 1
| #define HAVE_LIBINTL_H 1
| #define HAVE_STDLIB_H 1
| #define HAVE_STRING_H 1
| #define HAVE_STDLIB_H 1
| #define HAVE_MALLOC 1
| #define TIME_WITH_SYS_TIME 1
| #define HAVE_STDLIB_H 1
| #define HAVE_SYS_TIME_H 1
| #define HAVE_UNISTD_H 1
| #define HAVE_ALARM 1
| #define HAVE_VPRINTF 1
| /* end confdefs.h.  */
| /* Define _doprnt to an innocuous variant, in case <limits.h> declares _doprnt.
|    For example, HP-UX 11i <limits.h> declares gettimeofday.  */
| #define _doprnt innocuous__doprnt
| 
| /* System header to define __stub macros and hopefully few prototypes,
|     which can conflict with char _doprnt (); below.
|     Prefer <limits.h> to <assert.h> if __STDC__ is defined, since
|     <limits.h> exists even on freestanding compilers.  */
| 
| #ifdef __STDC__
| # include <limits.h>
| #else
| # include <assert.h>
| #endif
| 
| #undef _doprnt
| 
| /* Override any gcc2 internal prototype to avoid an error.  */
| #ifdef __cplusplus
| extern "C"
| {
| #endif
| /* We use char because int might match the return type of a gcc2
|    builtin and then its argument prototype would still apply.  */
| char _doprnt ();
| /* The GNU C library defines this for functions which it implements
|     to always fail with ENOSYS.  Some functions are actually named
|     something starting with __ and the normal name is an alias.  */
| #if defined (__stub__doprnt) || defined (__stub____doprnt)
| choke me
| #else
| char (*f) () = _doprnt;
| #endif
| #ifdef __cplusplus
| }
| #endif
| 
| int
| main ()
| {
| return f != _doprnt;
|   ;
|   return 0;
| }
configure:22045: result: no
configure:22067: checking for memset
configure:22124: gcc -o conftest -g -O2 -Wall -Wmissing-declarations -Wmissing-prototypes   -Wall conftest.c  >&5
conftest.c:61: warning: conflicting types for built-in function 'memset'
configure:22130: $? = 0
configure:22134: test -z 
			 || test ! -s conftest.err
configure:22137: $? = 0
configure:22140: test -s conftest
configure:22143: $? = 0
configure:22155: result: yes
configure:22067: checking for strchr
configure:22124: gcc -o conftest -g -O2 -Wall -Wmissing-declarations -Wmissing-prototypes   -Wall conftest.c  >&5
conftest.c:62: warning: conflicting types for built-in function 'strchr'
configure:22130: $? = 0
configure:22134: test -z 
			 || test ! -s conftest.err
configure:22137: $? = 0
configure:22140: test -s conftest
configure:22143: $? = 0
configure:22155: result: yes
configure:22067: checking for strdup
configure:22124: gcc -o conftest -g -O2 -Wall -Wmissing-declarations -Wmissing-prototypes   -Wall conftest.c  >&5
conftest.c:63: warning: conflicting types for built-in function 'strdup'
configure:22130: $? = 0
configure:22134: test -z 
			 || test ! -s conftest.err
configure:22137: $? = 0
configure:22140: test -s conftest
configure:22143: $? = 0
configure:22155: result: yes
configure:22067: checking for strtol
configure:22124: gcc -o conftest -g -O2 -Wall -Wmissing-declarations -Wmissing-prototypes   -Wall conftest.c  >&5
configure:22130: $? = 0
configure:22134: test -z 
			 || test ! -s conftest.err
configure:22137: $? = 0
configure:22140: test -s conftest
configure:22143: $? = 0
configure:22155: result: yes
configure:22067: checking for getopt_long
configure:22124: gcc -o conftest -g -O2 -Wall -Wmissing-declarations -Wmissing-prototypes   -Wall conftest.c  >&5
configure:22130: $? = 0
configure:22134: test -z 
			 || test ! -s conftest.err
configure:22137: $? = 0
configure:22140: test -s conftest
configure:22143: $? = 0
configure:22155: result: yes
configure:22318: checking for libusb-config
configure:22336: found /usr/bin/libusb-config
configure:22348: result: /usr/bin/libusb-config
configure:22364: checking for usb_busses in -lusb
configure:22394: gcc -o conftest -g -O2 -Wall -Wmissing-declarations -Wmissing-prototypes    -Wall -L/usr/lib -lusb conftest.c -lusb   >&5
configure:22400: $? = 0
configure:22404: test -z 
			 || test ! -s conftest.err
configure:22407: $? = 0
configure:22410: test -s conftest
configure:22413: $? = 0
configure:22426: result: yes
configure:22540: checking whether byte ordering is bigendian
configure:22567: gcc -c -g -O2 -Wall -Wmissing-declarations -Wmissing-prototypes  conftest.c >&5
configure:22573: $? = 0
configure:22577: test -z 
			 || test ! -s conftest.err
configure:22580: $? = 0
configure:22583: test -s conftest.o
configure:22586: $? = 0
configure:22610: gcc -c -g -O2 -Wall -Wmissing-declarations -Wmissing-prototypes  conftest.c >&5
conftest.c: In function 'main':
conftest.c:50: error: 'not' undeclared (first use in this function)
conftest.c:50: error: (Each undeclared identifier is reported only once
conftest.c:50: error: for each function it appears in.)
conftest.c:50: error: expected ';' before 'big'
configure:22616: $? = 1
configure: failed program was:
| /* confdefs.h.  */
| 
| #define PACKAGE_NAME "libptp2"
| #define PACKAGE_TARNAME "libptp2"
| #define PACKAGE_VERSION "1.1.10"
| #define PACKAGE_STRING "libptp2 1.1.10"
| #define PACKAGE_BUGREPORT "emsi@ipartners.pl"
| #define PACKAGE "libptp2"
| #define VERSION "1.1.10"
| #define STDC_HEADERS 1
| #define HAVE_SYS_TYPES_H 1
| #define HAVE_SYS_STAT_H 1
| #define HAVE_STDLIB_H 1
| #define HAVE_STRING_H 1
| #define HAVE_MEMORY_H 1
| #define HAVE_STRINGS_H 1
| #define HAVE_INTTYPES_H 1
| #define HAVE_STDINT_H 1
| #define HAVE_UNISTD_H 1
| #define HAVE_DLFCN_H 1
| #ifdef __cplusplus
| extern "C" void exit (int) throw ();
| #endif
| #define STDC_HEADERS 1
| #define HAVE_LIBINTL_H 1
| #define HAVE_STDLIB_H 1
| #define HAVE_STRING_H 1
| #define HAVE_STDLIB_H 1
| #define HAVE_MALLOC 1
| #define TIME_WITH_SYS_TIME 1
| #define HAVE_STDLIB_H 1
| #define HAVE_SYS_TIME_H 1
| #define HAVE_UNISTD_H 1
| #define HAVE_ALARM 1
| #define HAVE_VPRINTF 1
| #define HAVE_MEMSET 1
| #define HAVE_STRCHR 1
| #define HAVE_STRDUP 1
| #define HAVE_STRTOL 1
| #define HAVE_GETOPT_LONG 1
| #define LINUX_OS
| /* end confdefs.h.  */
| #include <sys/types.h>
| #include <sys/param.h>
| 
| int
| main ()
| {
| #if BYTE_ORDER != BIG_ENDIAN
|  not big endian
| #endif
| 
|   ;
|   return 0;
| }
configure:22751: result: no
configure:22772: checking for le32toh in machine/endian.h
conftest.c:44:28: error: machine/endian.h: No such file or directory
configure:22799: result: no
configure:22804: checking for ntohl in arpa/inet.h
configure:22821: result: yes
configure:22878: checking for swap32 in machine/endian.h
conftest.c:44:28: error: machine/endian.h: No such file or directory
configure:22903: result: no
configure:22907: checking for bswap_32 in byteswap.h
configure:22924: result: yes
configure:23273: checking for uint8_t in stdint.h
configure:23290: result: yes
configure:23568: creating ./config.status

## ---------------------- ##
## Running config.status. ##
## ---------------------- ##

This file was extended by libptp2 config.status 1.1.10, which was
generated by GNU Autoconf 2.59.  Invocation command line was

  CONFIG_FILES    = 
  CONFIG_HEADERS  = 
  CONFIG_LINKS    = 
  CONFIG_COMMANDS = 
  $ ./config.status 

on sneilan-desktop

config.status:724: creating Makefile
config.status:724: creating src/Makefile
config.status:828: creating config.h
config.status:972: config.h is unchanged
config.status:1152: executing depfiles commands

## ---------------- ##
## Cache variables. ##
## ---------------- ##

ac_cv_build=x86_64-unknown-linux-gnu
ac_cv_build_alias=x86_64-unknown-linux-gnu
ac_cv_c_bigendian=no
ac_cv_c_compiler_gnu=yes
ac_cv_c_const=yes
ac_cv_c_inline=inline
ac_cv_cxx_compiler_gnu=yes
ac_cv_env_CC_set=
ac_cv_env_CC_value=
ac_cv_env_CFLAGS_set=
ac_cv_env_CFLAGS_value=
ac_cv_env_CPPFLAGS_set=
ac_cv_env_CPPFLAGS_value=
ac_cv_env_CPP_set=
ac_cv_env_CPP_value=
ac_cv_env_CXXCPP_set=
ac_cv_env_CXXCPP_value=
ac_cv_env_CXXFLAGS_set=
ac_cv_env_CXXFLAGS_value=
ac_cv_env_CXX_set=
ac_cv_env_CXX_value=
ac_cv_env_F77_set=
ac_cv_env_F77_value=
ac_cv_env_FFLAGS_set=
ac_cv_env_FFLAGS_value=
ac_cv_env_LDFLAGS_set=
ac_cv_env_LDFLAGS_value=
ac_cv_env_build_alias_set=
ac_cv_env_build_alias_value=
ac_cv_env_host_alias_set=
ac_cv_env_host_alias_value=
ac_cv_env_target_alias_set=
ac_cv_env_target_alias_value=
ac_cv_exeext=
ac_cv_f77_compiler_gnu=no
ac_cv_func__doprnt=no
ac_cv_func_alarm=yes
ac_cv_func_getopt_long=yes
ac_cv_func_malloc_0_nonnull=yes
ac_cv_func_memset=yes
ac_cv_func_strchr=yes
ac_cv_func_strdup=yes
ac_cv_func_strtol=yes
ac_cv_func_vprintf=yes
ac_cv_func_working_mktime=no
ac_cv_header_dlfcn_h=yes
ac_cv_header_inttypes_h=yes
ac_cv_header_libintl_h=yes
ac_cv_header_memory_h=yes
ac_cv_header_stdc=yes
ac_cv_header_stdint_h=yes
ac_cv_header_stdlib_h=yes
ac_cv_header_string_h=yes
ac_cv_header_strings_h=yes
ac_cv_header_sys_stat_h=yes
ac_cv_header_sys_time_h=yes
ac_cv_header_sys_types_h=yes
ac_cv_header_time=yes
ac_cv_header_unistd_h=yes
ac_cv_host=x86_64-unknown-linux-gnu
ac_cv_host_alias=x86_64-unknown-linux-gnu
ac_cv_lib_error_at_line=yes
ac_cv_lib_usb_usb_busses=yes
ac_cv_objext=o
ac_cv_path_LIBUSB_CONFIG=/usr/bin/libusb-config
ac_cv_path_install='/usr/bin/install -c'
ac_cv_prog_AWK=gawk
ac_cv_prog_CPP='gcc -E'
ac_cv_prog_CXXCPP='g++ -E'
ac_cv_prog_ac_ct_AR=ar
ac_cv_prog_ac_ct_CC=gcc
ac_cv_prog_ac_ct_CXX=g++
ac_cv_prog_ac_ct_RANLIB=ranlib
ac_cv_prog_ac_ct_STRIP=strip
ac_cv_prog_cc_g=yes
ac_cv_prog_cc_stdc=
ac_cv_prog_cxx_g=yes
ac_cv_prog_egrep='grep -E'
ac_cv_prog_f77_g=no
ac_cv_prog_make_make_set=yes
ac_cv_struct_tm=time.h
ac_cv_type_uint8_t=yes
am_cv_CC_dependencies_compiler_type=gcc3
am_cv_CXX_dependencies_compiler_type=gcc3
lt_cv_deplibs_check_method=pass_all
lt_cv_file_magic_cmd='$MAGIC_CMD'
lt_cv_file_magic_test_file=
lt_cv_ld_reload_flag=-r
lt_cv_objdir=.libs
lt_cv_path_LD=/usr/bin/ld
lt_cv_path_LDCXX='/usr/bin/ld -m elf_x86_64'
lt_cv_path_NM='/usr/bin/nm -B'
lt_cv_path_SED=/bin/sed
lt_cv_prog_compiler_c_o=yes
lt_cv_prog_compiler_c_o_CXX=yes
lt_cv_prog_compiler_rtti_exceptions=no
lt_cv_prog_gnu_ld=yes
lt_cv_prog_gnu_ldcxx=yes
lt_cv_sys_global_symbol_pipe='sed -n -e '\''s/^.*[ 	]\([ABCDGIRSTW][ABCDGIRSTW]*\)[ 	][ 	]*\([_A-Za-z][_A-Za-z0-9]*\)$/\1 \2 \2/p'\'''
lt_cv_sys_global_symbol_to_c_name_address='sed -n -e '\''s/^: \([^ ]*\) $/  {\"\1\", (lt_ptr) 0},/p'\'' -e '\''s/^[BCDEGRST] \([^ ]*\) \([^ ]*\)$/  {"\2", (lt_ptr) \&\2},/p'\'''
lt_cv_sys_global_symbol_to_cdecl='sed -n -e '\''s/^. .* \(.*\)$/extern int \1;/p'\'''
lt_cv_sys_max_cmd_len=32768
lt_lt_cv_prog_compiler_c_o='"yes"'
lt_lt_cv_prog_compiler_c_o_CXX='"yes"'
lt_lt_cv_sys_global_symbol_pipe='"sed -n -e '\''s/^.*[ 	]\\([ABCDGIRSTW][ABCDGIRSTW]*\\)[ 	][ 	]*\\([_A-Za-z][_A-Za-z0-9]*\\)\$/\\1 \\2 \\2/p'\''"'
lt_lt_cv_sys_global_symbol_to_c_name_address='"sed -n -e '\''s/^: \\([^ ]*\\) \$/  {\\\"\\1\\\", (lt_ptr) 0},/p'\'' -e '\''s/^[BCDEGRST] \\([^ ]*\\) \\([^ ]*\\)\$/  {\"\\2\", (lt_ptr) \\&\\2},/p'\''"'
lt_lt_cv_sys_global_symbol_to_cdecl='"sed -n -e '\''s/^. .* \\(.*\\)\$/extern int \\1;/p'\''"'

## ----------------- ##
## Output variables. ##
## ----------------- ##

ACLOCAL='${SHELL} /home/sneilan/Machinez/scanner/libptp2-1.1.10/missing --run aclocal-1.9'
AMDEPBACKSLASH='\'
AMDEP_FALSE='#'
AMDEP_TRUE=''
AMTAR='${SHELL} /home/sneilan/Machinez/scanner/libptp2-1.1.10/missing --run tar'
AR='ar'
AUTOCONF='${SHELL} /home/sneilan/Machinez/scanner/libptp2-1.1.10/missing --run autoconf'
AUTOHEADER='${SHELL} /home/sneilan/Machinez/scanner/libptp2-1.1.10/missing --run autoheader'
AUTOMAKE='${SHELL} /home/sneilan/Machinez/scanner/libptp2-1.1.10/missing --run automake-1.9'
AWK='gawk'
CC='gcc'
CCDEPMODE='depmode=gcc3'
CFLAGS='-g -O2 -Wall -Wmissing-declarations -Wmissing-prototypes'
CPP='gcc -E'
CPPFLAGS=''
CXX='g++'
CXXCPP='g++ -E'
CXXDEPMODE='depmode=gcc3'
CXXFLAGS='-g -O2'
CYGPATH_W='echo'
DEFS='-DHAVE_CONFIG_H'
DEPDIR='.deps'
ECHO='echo'
ECHO_C=''
ECHO_N='-n'
ECHO_T=''
EGREP='grep -E'
EXEEXT=''
F77=''
FFLAGS=''
INSTALL_DATA='${INSTALL} -m 644'
INSTALL_PROGRAM='${INSTALL}'
INSTALL_SCRIPT='${INSTALL}'
INSTALL_STRIP_PROGRAM='${SHELL} $(install_sh) -c -s'
LDFLAGS=' -Wall'
LIBOBJS=' mktime$U.o'
LIBPTP2_VERSION_INFO='2:4:1'
LIBS=''
LIBTOOL='$(SHELL) $(top_builddir)/libtool'
LIBUSB_CONFIG='/usr/bin/libusb-config'
LINUX_OS_FALSE='#'
LINUX_OS_TRUE=''
LN_S='ln -s'
LTLIBOBJS=' mktime$U.lo'
MAKEINFO='${SHELL} /home/sneilan/Machinez/scanner/libptp2-1.1.10/missing --run makeinfo'
OBJEXT='o'
PACKAGE='libptp2'
PACKAGE_BUGREPORT='emsi@ipartners.pl'
PACKAGE_NAME='libptp2'
PACKAGE_STRING='libptp2 1.1.10'
PACKAGE_TARNAME='libptp2'
PACKAGE_VERSION='1.1.10'
PATH_SEPARATOR=':'
PTPCAM_CFLAGS=''
PTPCAM_FALSE='#'
PTPCAM_LDFLAGS='-L/usr/lib -lusb'
PTPCAM_TRUE=''
RANLIB='ranlib'
SET_MAKE=''
SHELL='/bin/bash'
STRIP='strip'
VERSION='1.1.10'
ac_ct_AR='ar'
ac_ct_CC='gcc'
ac_ct_CXX='g++'
ac_ct_F77=''
ac_ct_RANLIB='ranlib'
ac_ct_STRIP='strip'
am__fastdepCC_FALSE='#'
am__fastdepCC_TRUE=''
am__fastdepCXX_FALSE='#'
am__fastdepCXX_TRUE=''
am__include='include'
am__leading_dot='.'
am__quote=''
am__tar='${AMTAR} chof - "$$tardir"'
am__untar='${AMTAR} xf -'
bindir='${exec_prefix}/bin'
build='x86_64-unknown-linux-gnu'
build_alias=''
build_cpu='x86_64'
build_os='linux-gnu'
build_vendor='unknown'
datadir='${prefix}/share'
effective_target='x86_64-unknown-linux-gnu'
exec_prefix='${prefix}'
host='x86_64-unknown-linux-gnu'
host_alias=''
host_cpu='x86_64'
host_os='linux-gnu'
host_vendor='unknown'
includedir='${prefix}/include'
infodir='${prefix}/info'
install_sh='/home/sneilan/Machinez/scanner/libptp2-1.1.10/install-sh'
libdir='${exec_prefix}/lib'
libexecdir='${exec_prefix}/libexec'
localstatedir='${prefix}/var'
mandir='${prefix}/man'
mkdir_p='mkdir -p --'
oldincludedir='/usr/include'
prefix='/usr/local'
program_transform_name='s,x,x,'
sbindir='${exec_prefix}/sbin'
sharedstatedir='${prefix}/com'
sysconfdir='${prefix}/etc'
target_alias=''

## ----------- ##
## confdefs.h. ##
## ----------- ##

#define HAVE_ALARM 1
#define HAVE_DLFCN_H 1
#define HAVE_GETOPT_LONG 1
#define HAVE_INTTYPES_H 1
#define HAVE_LIBINTL_H 1
#define HAVE_MALLOC 1
#define HAVE_MEMORY_H 1
#define HAVE_MEMSET 1
#define HAVE_STDINT_H 1
#define HAVE_STDLIB_H 1
#define HAVE_STDLIB_H 1
#define HAVE_STDLIB_H 1
#define HAVE_STDLIB_H 1
#define HAVE_STRCHR 1
#define HAVE_STRDUP 1
#define HAVE_STRINGS_H 1
#define HAVE_STRING_H 1
#define HAVE_STRING_H 1
#define HAVE_STRTOL 1
#define HAVE_SYS_STAT_H 1
#define HAVE_SYS_TIME_H 1
#define HAVE_SYS_TYPES_H 1
#define HAVE_UNISTD_H 1
#define HAVE_UNISTD_H 1
#define HAVE_VPRINTF 1
#define LINUX_OS
#define PACKAGE "libptp2"
#define PACKAGE_BUGREPORT "emsi@ipartners.pl"
#define PACKAGE_NAME "libptp2"
#define PACKAGE_STRING "libptp2 1.1.10"
#define PACKAGE_TARNAME "libptp2"
#define PACKAGE_VERSION "1.1.10"
#define STDC_HEADERS 1
#define STDC_HEADERS 1
#define TIME_WITH_SYS_TIME 1
#define VERSION "1.1.10"
#endif
#ifdef __cplusplus
extern "C" void exit (int) throw ();

configure: exit 0
